[    0.000000] Initializing cgroup subsys cpuset
[    0.000000] Initializing cgroup subsys cpu
[    0.000000] Initializing cgroup subsys cpuacct
[    0.000000] Linux version 4.4.0-184-generic (buildd@lgw01-amd64-060) (gcc version 5.4.0 20160609 (Ubuntu 5.4.0-6ubuntu1~16.04.12) ) #214-Ubuntu SMP Thu Jun 4 10:14:11 UTC 2020 (Ubuntu 4.4.0-184.214-generic 4.4.223)
[    0.000000] Command line: BOOT_IMAGE=/boot/vmlinuz-4.4.0-184-generic root=LABEL=cloudimg-rootfs ro console=tty1 console=ttyS0
[    0.000000] KERNEL supported cpus:
[    0.000000]   Intel GenuineIntel
[    0.000000]   AMD AuthenticAMD
[    0.000000]   Centaur CentaurHauls
[    0.000000] x86/fpu: xstate_offset[2]:  576, xstate_sizes[2]:  256
[    0.000000] x86/fpu: Supporting XSAVE feature 0x01: 'x87 floating point registers'
[    0.000000] x86/fpu: Supporting XSAVE feature 0x02: 'SSE registers'
[    0.000000] x86/fpu: Supporting XSAVE feature 0x04: 'AVX registers'
[    0.000000] x86/fpu: Enabled xstate features 0x7, context size is 832 bytes, using 'standard' format.
[    0.000000] e820: BIOS-provided physical RAM map:
[    0.000000] BIOS-e820: [mem 0x0000000000000000-0x000000000009fbff] usable
[    0.000000] BIOS-e820: [mem 0x000000000009fc00-0x000000000009ffff] reserved
[    0.000000] BIOS-e820: [mem 0x00000000000f0000-0x00000000000fffff] reserved
[    0.000000] BIOS-e820: [mem 0x0000000000100000-0x000000007ffeffff] usable
[    0.000000] BIOS-e820: [mem 0x000000007fff0000-0x000000007fffffff] ACPI data
[    0.000000] BIOS-e820: [mem 0x00000000fec00000-0x00000000fec00fff] reserved
[    0.000000] BIOS-e820: [mem 0x00000000fee00000-0x00000000fee00fff] reserved
[    0.000000] BIOS-e820: [mem 0x00000000fffc0000-0x00000000ffffffff] reserved
[    0.000000] NX (Execute Disable) protection: active
[    0.000000] SMBIOS 2.5 present.
[    0.000000] Hypervisor detected: KVM
[    0.000000] e820: last_pfn = 0x7fff0 max_arch_pfn = 0x400000000
[    0.000000] MTRR: Disabled
[    0.000000] x86/PAT: MTRRs disabled, skipping PAT initialization too.
[    0.000000] CPU MTRRs all blank - virtualized system.
[    0.000000] x86/PAT: Configuration [0-7]: WB  WT  UC- UC  WB  WT  UC- UC  
[    0.000000] found SMP MP-table at [mem 0x0009fff0-0x0009ffff] mapped at [ffff88000009fff0]
[    0.000000] Scanning 1 areas for low memory corruption
[    0.000000] RAMDISK: [mem 0x362e0000-0x37167fff]
[    0.000000] ACPI: Early table checksum verification disabled
[    0.000000] ACPI: RSDP 0x00000000000E0000 000024 (v02 VBOX  )
[    0.000000] ACPI: XSDT 0x000000007FFF0030 00003C (v01 VBOX   VBOXXSDT 00000001 ASL  00000061)
[    0.000000] ACPI: FACP 0x000000007FFF00F0 0000F4 (v04 VBOX   VBOXFACP 00000001 ASL  00000061)
[    0.000000] ACPI: DSDT 0x000000007FFF0470 002325 (v02 VBOX   VBOXBIOS 00000002 INTL 20100528)
[    0.000000] ACPI: FACS 0x000000007FFF0200 000040
[    0.000000] ACPI: FACS 0x000000007FFF0200 000040
[    0.000000] ACPI: APIC 0x000000007FFF0240 00005C (v02 VBOX   VBOXAPIC 00000001 ASL  00000061)
[    0.000000] ACPI: SSDT 0x000000007FFF02A0 0001CC (v01 VBOX   VBOXCPUT 00000002 INTL 20100528)
[    0.000000] No NUMA configuration found
[    0.000000] Faking a node at [mem 0x0000000000000000-0x000000007ffeffff]
[    0.000000] NODE_DATA(0) allocated [mem 0x7ffeb000-0x7ffeffff]
[    0.000000] kvm-clock: Using msrs 4b564d01 and 4b564d00
[    0.000000] kvm-clock: cpu 0, msr 0:7ffe3001, primary cpu clock
[    0.000000] kvm-clock: using sched offset of 4016350418 cycles
[    0.000000] clocksource: kvm-clock: mask: 0xffffffffffffffff max_cycles: 0x1cd42e4dffb, max_idle_ns: 881590591483 ns
[    0.000000] Zone ranges:
[    0.000000]   DMA      [mem 0x0000000000001000-0x0000000000ffffff]
[    0.000000]   DMA32    [mem 0x0000000001000000-0x000000007ffeffff]
[    0.000000]   Normal   empty
[    0.000000]   Device   empty
[    0.000000] Movable zone start for each node
[    0.000000] Early memory node ranges
[    0.000000]   node   0: [mem 0x0000000000001000-0x000000000009efff]
[    0.000000]   node   0: [mem 0x0000000000100000-0x000000007ffeffff]
[    0.000000] Initmem setup node 0 [mem 0x0000000000001000-0x000000007ffeffff]
[    0.000000] ACPI: PM-Timer IO Port: 0x4008
[    0.000000] IOAPIC[0]: apic_id 2, version 32, address 0xfec00000, GSI 0-23
[    0.000000] ACPI: INT_SRC_OVR (bus 0 bus_irq 0 global_irq 2 dfl dfl)
[    0.000000] ACPI: INT_SRC_OVR (bus 0 bus_irq 9 global_irq 9 low level)
[    0.000000] Using ACPI (MADT) for SMP configuration information
[    0.000000] smpboot: Allowing 2 CPUs, 0 hotplug CPUs
[    0.000000] PM: Registered nosave memory: [mem 0x00000000-0x00000fff]
[    0.000000] PM: Registered nosave memory: [mem 0x0009f000-0x0009ffff]
[    0.000000] PM: Registered nosave memory: [mem 0x000a0000-0x000effff]
[    0.000000] PM: Registered nosave memory: [mem 0x000f0000-0x000fffff]
[    0.000000] e820: [mem 0x80000000-0xfebfffff] available for PCI devices
[    0.000000] Booting paravirtualized kernel on KVM
[    0.000000] clocksource: refined-jiffies: mask: 0xffffffff max_cycles: 0xffffffff, max_idle_ns: 7645519600211568 ns
[    0.000000] setup_percpu: NR_CPUS:512 nr_cpumask_bits:512 nr_cpu_ids:2 nr_node_ids:1
[    0.000000] PERCPU: Embedded 33 pages/cpu @ffff88007fc00000 s95448 r8192 d31528 u1048576
[    0.000000] Built 1 zonelists in Node order, mobility grouping on.  Total pages: 515960
[    0.000000] Policy zone: DMA32
[    0.000000] Kernel command line: BOOT_IMAGE=/boot/vmlinuz-4.4.0-184-generic root=LABEL=cloudimg-rootfs ro console=tty1 console=ttyS0
[    0.000000] PID hash table entries: 4096 (order: 3, 32768 bytes)
[    0.000000] Memory: 2029860K/2096696K available (8632K kernel code, 1336K rwdata, 4036K rodata, 1492K init, 1292K bss, 66836K reserved, 0K cma-reserved)
[    0.000000] SLUB: HWalign=64, Order=0-3, MinObjects=0, CPUs=2, Nodes=1
[    0.000000] Kernel/User page tables isolation: enabled
[    0.000000] Hierarchical RCU implementation.
[    0.000000] 	Build-time adjustment of leaf fanout to 64.
[    0.000000] 	RCU restricting CPUs from NR_CPUS=512 to nr_cpu_ids=2.
[    0.000000] RCU: Adjusting geometry for rcu_fanout_leaf=64, nr_cpu_ids=2
[    0.000000] NR_IRQS:33024 nr_irqs:440 16
[    0.000000] Console: colour VGA+ 80x25
[    0.000000] console [tty1] enabled
[    0.000000] console [ttyS0] enabled
[    0.000000] tsc: Detected 1607.999 MHz processor
[    0.185163] Calibrating delay loop (skipped) preset value.. 3215.99 BogoMIPS (lpj=6431996)
[    0.188135] pid_max: default: 32768 minimum: 301
[    0.189331] ACPI: Core revision 20150930
[    0.191198] ACPI: 2 ACPI AML tables successfully acquired and loaded
[    0.192833] Security Framework initialized
[    0.193865] Yama: becoming mindful.
[    0.194789] AppArmor: AppArmor initialized
[    0.197321] Dentry cache hash table entries: 262144 (order: 9, 2097152 bytes)
[    0.199324] Inode-cache hash table entries: 131072 (order: 8, 1048576 bytes)
[    0.204088] Mount-cache hash table entries: 4096 (order: 3, 32768 bytes)
[    0.207526] Mountpoint-cache hash table entries: 4096 (order: 3, 32768 bytes)
[    0.210309] Initializing cgroup subsys io
[    0.211865] Initializing cgroup subsys memory
[    0.213468] Initializing cgroup subsys devices
[    0.215039] Initializing cgroup subsys freezer
[    0.216282] Initializing cgroup subsys net_cls
[    0.217430] Initializing cgroup subsys perf_event
[    0.218613] Initializing cgroup subsys net_prio
[    0.219733] Initializing cgroup subsys hugetlb
[    0.220859] Initializing cgroup subsys pids
[    0.224357] mce: CPU supports 0 MCE banks
[    0.225562] Last level iTLB entries: 4KB 64, 2MB 8, 4MB 8
[    0.226856] Last level dTLB entries: 4KB 64, 2MB 0, 4MB 0, 1GB 4
[    0.228276] Spectre V1 : Mitigation: usercopy/swapgs barriers and __user pointer sanitization
[    0.230407] Spectre V2 : Mitigation: Full generic retpoline
[    0.232607] Spectre V2 : Spectre v2 / SpectreRSB mitigation: Filling RSB on context switch
[    0.234695] Speculative Store Bypass: Vulnerable
[    0.235833] SRBDS: Unknown: Dependent on hypervisor status
[    0.237327] MDS: Mitigation: Clear CPU buffers
[    0.241235] Freeing SMP alternatives memory: 36K
[    0.249123] ftrace: allocating 32319 entries in 127 pages
[    0.310124] smpboot: APIC(0) Converting physical 0 to logical package 0
[    0.312835] smpboot: Max logical packages: 1
[    0.314145] x2apic enabled
[    0.315132] Switched APIC routing to physical x2apic.
[    0.317630] ..TIMER: vector=0x30 apic1=0 pin1=2 apic2=-1 pin2=-1
[    0.427199] smpboot: CPU0: Intel(R) Core(TM) i5-8210Y CPU @ 1.60GHz (family: 0x6, model: 0x8e, stepping: 0x9)
[    0.431369] Performance Events: unsupported p6 CPU model 142 no PMU driver, software events only.
[    0.444408] KVM setup paravirtual spinlock
[    0.448100] x86: Booting SMP configuration:
[    0.449940] .... node  #0, CPUs:      #1
[    0.453131] kvm-clock: cpu 1, msr 0:7ffe3041, secondary cpu clock
[    0.456473] mce: CPU supports 0 MCE banks
[    0.459513] x86: Booted up 1 node, 2 CPUs
[    0.461472] smpboot: Total of 2 processors activated (6431.99 BogoMIPS)
[    0.464169] devtmpfs: initialized
[    0.467537] evm: security.selinux
[    0.468510] evm: security.SMACK64
[    0.469400] evm: security.SMACK64EXEC
[    0.470348] evm: security.SMACK64TRANSMUTE
[    0.471500] evm: security.SMACK64MMAP
[    0.472532] evm: security.ima
[    0.473344] evm: security.capability
[    0.474456] clocksource: jiffies: mask: 0xffffffff max_cycles: 0xffffffff, max_idle_ns: 7645041785100000 ns
[    0.476888] futex hash table entries: 512 (order: 3, 32768 bytes)
[    0.478434] pinctrl core: initialized pinctrl subsystem
[    0.479827] RTC time:  4:01:30, date: 07/06/20
[    0.481112] NET: Registered protocol family 16
[    0.495571] cpuidle: using governor ladder
[    0.507942] cpuidle: using governor menu
[    0.509969] PCCT header not found.
[    0.511583] ACPI: bus type PCI registered
[    0.512775] acpiphp: ACPI Hot Plug PCI Controller Driver version: 0.5
[    0.514847] PCI: Using configuration type 1 for base access
[    0.529483] ACPI: Added _OSI(Module Device)
[    0.531390] ACPI: Added _OSI(Processor Device)
[    0.532745] ACPI: Added _OSI(3.0 _SCP Extensions)
[    0.534156] ACPI: Added _OSI(Processor Aggregator Device)
[    0.536689] ACPI: Executed 1 blocks of module-level executable AML code
[    0.540904] ACPI: Interpreter enabled
[    0.541955] ACPI: (supports S0 S5)
[    0.542928] ACPI: Using IOAPIC for interrupt routing
[    0.544388] PCI: Using host bridge windows from ACPI; if necessary, use "pci=nocrs" and report a bug
[    0.551271] ACPI: PCI Root Bridge [PCI0] (domain 0000 [bus 00-ff])
[    0.553140] acpi PNP0A03:00: _OSC: OS supports [ASPM ClockPM Segments MSI]
[    0.555048] acpi PNP0A03:00: _OSC: not requesting OS control; OS requires [ExtendedConfig ASPM ClockPM MSI]
[    0.557416] acpi PNP0A03:00: fail to add MMCONFIG information, can't access extended PCI configuration space under this bridge.
[    0.562656] PCI host bridge to bus 0000:00
[    0.564250] pci_bus 0000:00: root bus resource [io  0x0000-0x0cf7 window]
[    0.565816] pci_bus 0000:00: root bus resource [io  0x0d00-0xffff window]
[    0.567420] pci_bus 0000:00: root bus resource [mem 0x000a0000-0x000bffff window]
[    0.569725] pci_bus 0000:00: root bus resource [mem 0x80000000-0xfdffffff window]
[    0.572285] pci_bus 0000:00: root bus resource [bus 00-ff]
[    0.576287] pci 0000:00:01.1: legacy IDE quirk: reg 0x10: [io  0x01f0-0x01f7]
[    0.578215] pci 0000:00:01.1: legacy IDE quirk: reg 0x14: [io  0x03f6]
[    0.579769] pci 0000:00:01.1: legacy IDE quirk: reg 0x18: [io  0x0170-0x0177]
[    0.590567] pci 0000:00:01.1: legacy IDE quirk: reg 0x1c: [io  0x0376]
[    0.621030] pci 0000:00:07.0: quirk: [io  0x4000-0x403f] claimed by PIIX4 ACPI
[    0.623711] pci 0000:00:07.0: quirk: [io  0x4100-0x410f] claimed by PIIX4 SMB
[    0.643815] ACPI: PCI Interrupt Link [LNKA] (IRQs 5 9 10 *11)
[    0.646364] ACPI: PCI Interrupt Link [LNKB] (IRQs 5 9 *10 11)
[    0.649451] ACPI: PCI Interrupt Link [LNKC] (IRQs 5 *9 10 11)
[    0.652858] ACPI: PCI Interrupt Link [LNKD] (IRQs 5 9 10 *11)
[    0.658438] ACPI: Enabled 2 GPEs in block 00 to 07
[    0.663321] vgaarb: setting as boot device: PCI:0000:00:02.0
[    0.667141] vgaarb: device added: PCI:0000:00:02.0,decodes=io+mem,owns=io+mem,locks=none
[    0.671235] vgaarb: loaded
[    0.672536] vgaarb: bridge control possible 0000:00:02.0
[    0.675018] SCSI subsystem initialized
[    0.676977] ACPI: bus type USB registered
[    0.679001] usbcore: registered new interface driver usbfs
[    0.681708] usbcore: registered new interface driver hub
[    0.684365] usbcore: registered new device driver usb
[    0.687339] PCI: Using ACPI for IRQ routing
[    0.689898] NetLabel: Initializing
[    0.692025] NetLabel:  domain hash size = 128
[    0.694309] NetLabel:  protocols = UNLABELED CIPSOv4
[    0.696516] NetLabel:  unlabeled traffic allowed by default
[    0.699314] amd_nb: Cannot enumerate AMD northbridges
[    0.702407] clocksource: Switched to clocksource kvm-clock
[    0.722536] AppArmor: AppArmor Filesystem Enabled
[    0.725003] pnp: PnP ACPI init
[    0.729023] pnp: PnP ACPI: found 3 devices
[    0.740848] clocksource: acpi_pm: mask: 0xffffff max_cycles: 0xffffff, max_idle_ns: 2085701024 ns
[    0.743963] NET: Registered protocol family 2
[    0.745434] TCP established hash table entries: 16384 (order: 5, 131072 bytes)
[    0.748050] TCP bind hash table entries: 16384 (order: 6, 262144 bytes)
[    0.750255] TCP: Hash tables configured (established 16384 bind 16384)
[    0.752381] UDP hash table entries: 1024 (order: 3, 32768 bytes)
[    0.754256] UDP-Lite hash table entries: 1024 (order: 3, 32768 bytes)
[    0.756922] NET: Registered protocol family 1
[    0.758035] pci 0000:00:00.0: Limiting direct PCI/PCI transfers
[    0.759490] pci 0000:00:01.0: Activating ISA DMA hang workarounds
[    0.761146] Unpacking initramfs...
[    1.018186] Freeing initrd memory: 14880K
[    1.020512] clocksource: tsc: mask: 0xffffffffffffffff max_cycles: 0x172da94f0e2, max_idle_ns: 440795278248 ns
[    1.024150] platform rtc_cmos: registered platform RTC device (no PNP device found)
[    1.026996] Scanning for low memory corruption every 60 seconds
[    1.029448] audit: initializing netlink subsys (disabled)
[    1.031712] audit: type=2000 audit(1594008096.688:1): initialized
[    1.033389] Initialise system trusted keyring
[    1.034882] HugeTLB registered 2 MB page size, pre-allocated 0 pages
[    1.037593] zbud: loaded
[    1.038735] VFS: Disk quotas dquot_6.6.0
[    1.039775] VFS: Dquot-cache hash table entries: 512 (order 0, 4096 bytes)
[    1.041605] squashfs: version 4.0 (2009/01/31) Phillip Lougher
[    1.043335] fuse init (API version 7.23)
[    1.045180] Key type big_key registered
[    1.046187] Allocating IMA MOK and blacklist keyrings.
[    1.048658] Key type asymmetric registered
[    1.050426] Asymmetric key parser 'x509' registered
[    1.051897] Block layer SCSI generic (bsg) driver version 0.4 loaded (major 249)
[    1.053893] io scheduler noop registered
[    1.055516] io scheduler deadline registered (default)
[    1.056950] io scheduler cfq registered
[    1.058044] pci_hotplug: PCI Hot Plug PCI Core version: 0.5
[    1.059426] pciehp: PCI Express Hot Plug Controller Driver version: 0.4
[    1.061521] ACPI: AC Adapter [AC] (on-line)
[    1.063487] input: Power Button as /devices/LNXSYSTM:00/LNXPWRBN:00/input/input0
[    1.065373] ACPI: Power Button [PWRF]
[    1.066405] input: Sleep Button as /devices/LNXSYSTM:00/LNXSLPBN:00/input/input1
[    1.068315] ACPI: Sleep Button [SLPF]
[    1.069541] GHES: HEST is not enabled!
[    1.071292] Serial: 8250/16550 driver, 32 ports, IRQ sharing enabled
[    1.071894] ACPI: Battery Slot [BAT0] (battery present)
[    1.095852] 00:02: ttyS0 at I/O 0x3f8 (irq = 4, base_baud = 115200) is a 16550A
[    1.099483] Linux agpgart interface v0.103
[    1.103717] loop: module loaded
[    1.106176] scsi host0: ata_piix
[    1.107518] scsi host1: ata_piix
[    1.108625] ata1: PATA max UDMA/33 cmd 0x1f0 ctl 0x3f6 bmdma 0xd000 irq 14
[    1.110400] ata2: PATA max UDMA/33 cmd 0x170 ctl 0x376 bmdma 0xd008 irq 15
[    1.113021] libphy: Fixed MDIO Bus: probed
[    1.114113] tun: Universal TUN/TAP device driver, 1.6
[    1.115397] tun: (C) 1999-2004 Max Krasnyansky <maxk@qualcomm.com>
[    1.116893] PPP generic driver version 2.4.2
[    1.118030] ehci_hcd: USB 2.0 'Enhanced' Host Controller (EHCI) Driver
[    1.119584] ehci-pci: EHCI PCI platform driver
[    1.120711] ehci-platform: EHCI generic platform driver
[    1.122743] ohci_hcd: USB 1.1 'Open' Host Controller (OHCI) Driver
[    1.124245] ohci-pci: OHCI PCI platform driver
[    1.125359] ohci-platform: OHCI generic platform driver
[    1.126694] uhci_hcd: USB Universal Host Controller Interface driver
[    1.128283] i8042: PNP: PS/2 Controller [PNP0303:PS2K,PNP0f03:PS2M] at 0x60,0x64 irq 1,12
[    1.131001] serio: i8042 KBD port at 0x60,0x64 irq 1
[    1.132959] serio: i8042 AUX port at 0x60,0x64 irq 12
[    1.134293] mousedev: PS/2 mouse device common for all mice
[    1.136178] rtc_cmos rtc_cmos: rtc core: registered rtc_cmos as rtc0
[    1.137900] rtc_cmos rtc_cmos: alarms up to one day, 114 bytes nvram
[    1.139446] i2c /dev entries driver
[    1.140427] input: AT Translated Set 2 keyboard as /devices/platform/i8042/serio0/input/input2
[    1.143607] device-mapper: uevent: version 1.0.3
[    1.144819] device-mapper: ioctl: 4.34.0-ioctl (2015-10-28) initialised: dm-devel@redhat.com
[    1.146930] ledtrig-cpu: registered to indicate activity on CPUs
[    1.148865] NET: Registered protocol family 10
[    1.150740] NET: Registered protocol family 17
[    1.152330] Key type dns_resolver registered
[    1.154014] registered taskstats version 1
[    1.155502] Loading compiled-in X.509 certificates
[    1.157723] Loaded X.509 cert 'Build time autogenerated kernel key: b6ae09eed57f82583ccd3c65c463e852cdd7a0b5'
[    1.160341] zswap: loaded using pool lzo/zbud
[    1.163977] Key type trusted registered
[    1.168498] Key type encrypted registered
[    1.170090] AppArmor: AppArmor sha1 policy hashing enabled
[    1.171782] ima: No TPM chip found, activating TPM-bypass!
[    1.173136] ima: Allocated hash algorithm: sha1
[    1.174341] evm: HMAC attrs: 0x1
[    1.175859]   Magic number: 12:837:8
[    1.176926] rtc_cmos rtc_cmos: setting system clock to 2020-07-06 04:01:31 UTC (1594008091)
[    1.179162] BIOS EDD facility v0.16 2004-Jun-25, 0 devices found
[    1.180579] EDD information not available.
[    1.963959] Freeing unused kernel memory: 1492K
[    1.965996] Write protecting the kernel read-only data: 14336k
[    1.968813] Freeing unused kernel memory: 1596K
[    1.970209] Freeing unused kernel memory: 60K
Loading, please wait...
starting version 229
[    1.986248] random: systemd-udevd: uninitialized urandom read (16 bytes read, 3 bits of entropy available)
[    1.986784] random: udevadm: uninitialized urandom read (16 bytes read, 3 bits of entropy available)
[    1.986803] random: udevadm: uninitialized urandom read (16 bytes read, 3 bits of entropy available)
[    1.994898] random: udevadm: uninitialized urandom read (16 bytes read, 3 bits of entropy available)
[    1.994943] random: udevadm: uninitialized urandom read (16 bytes read, 3 bits of entropy available)
[    1.995079] random: udevadm: uninitialized urandom read (16 bytes read, 3 bits of entropy available)
[    1.995129] random: udevadm: uninitialized urandom read (16 bytes read, 3 bits of entropy available)
[    1.995179] random: udevadm: uninitialized urandom read (16 bytes read, 3 bits of entropy available)
[    1.995229] random: udevadm: uninitialized urandom read (16 bytes read, 3 bits of entropy available)
[    1.995276] random: udevadm: uninitialized urandom read (16 bytes read, 3 bits of entropy available)
[    2.049097] Fusion MPT base driver 3.04.20
[    2.050569] Copyright (c) 1999-2008 LSI Corporation
[    2.056508] e1000: Intel(R) PRO/1000 Network Driver - version 7.3.21-k8-NAPI
[    2.058220] e1000: Copyright (c) 1999-2006 Intel Corporation.
[    2.063206] Fusion MPT SPI Host driver 3.04.20
[    2.080825] AVX2 version of gcm_enc/dec engaged.
[    2.082361] AES CTR mode by8 optimization enabled
[    2.266681] input: ImExPS/2 Generic Explorer Mouse as /devices/platform/i8042/serio1/input/input4
[    2.444969] e1000 0000:00:03.0 eth0: (PCI:33MHz:32-bit) 02:63:d7:4e:6d:2e
[    2.447185] e1000 0000:00:03.0 eth0: Intel(R) PRO/1000 Network Connection
[    4.004432] e1000 0000:00:08.0 eth1: (PCI:33MHz:32-bit) 08:00:27:e5:96:38
[    4.006565] e1000 0000:00:08.0 eth1: Intel(R) PRO/1000 Network Connection
[    4.010015] mptbase: ioc0: Initiating bringup
[    4.012845] e1000 0000:00:08.0 enp0s8: renamed from eth1
[    4.027612] e1000 0000:00:03.0 enp0s3: renamed from eth0
[    4.078736] ioc0: LSI53C1030 A0: Capabilities={Initiator}
[    4.242708] scsi host2: ioc0: LSI53C1030 A0, FwRev=00000000h, Ports=1, MaxQ=256, IRQ=20
[    4.355642] scsi 2:0:0:0: Direct-Access     VBOX     HARDDISK         1.0  PQ: 0 ANSI: 5
[    4.359198] scsi target2:0:0: Beginning Domain Validation
[    4.362719] scsi target2:0:0: Domain Validation skipping write tests
[    4.364666] scsi target2:0:0: Ending Domain Validation
[    4.366299] scsi target2:0:0: asynchronous
[    4.368133] scsi 2:0:1:0: Direct-Access     VBOX     HARDDISK         1.0  PQ: 0 ANSI: 5
[    4.381740] scsi target2:0:1: Beginning Domain Validation
[    4.384446] scsi target2:0:1: Domain Validation skipping write tests
[    4.385943] scsi target2:0:1: Ending Domain Validation
[    4.387323] scsi target2:0:1: asynchronous
[    4.394273] sd 2:0:0:0: [sda] 41943040 512-byte logical blocks: (21.5 GB/20.0 GiB)
[    4.396253] sd 2:0:0:0: Attached scsi generic sg0 type 0
[    4.397842] sd 2:0:0:0: [sda] Write Protect is off
[    4.399149] sd 2:0:1:0: [sdb] 20480 512-byte logical blocks: (10.5 MB/10.0 MiB)
[    4.401133] sd 2:0:1:0: Attached scsi generic sg1 type 0
[    4.403472] sd 2:0:1:0: [sdb] Write Protect is off
[    4.403548] sd 2:0:0:0: [sda] Incomplete mode parameter data
[    4.403550] sd 2:0:0:0: [sda] Assuming drive cache: write through
[    4.409150] sd 2:0:1:0: [sdb] Incomplete mode parameter data
[    4.411691] sd 2:0:1:0: [sdb] Assuming drive cache: write through
[    4.414738]  sda: sda1
[    4.416650] sd 2:0:0:0: [sda] Attached SCSI disk
[    4.416801] sd 2:0:1:0: [sdb] Attached SCSI disk
Begin: Loading essential drivers ... [    5.736863] md: linear personality registered for level -1
[    5.741223] md: multipath personality registered for level -4
[    5.745664] md: raid0 personality registered for level 0
[    5.751476] md: raid1 personality registered for level 1
[    5.826431] raid6: sse2x1   gen() 10455 MB/s
[    5.894657] raid6: sse2x1   xor()  8377 MB/s
[    5.962609] raid6: sse2x2   gen() 14683 MB/s
[    6.030719] raid6: sse2x2   xor()  9336 MB/s
[    6.100952] raid6: sse2x4   gen() 16618 MB/s
[    6.170757] raid6: sse2x4   xor() 10436 MB/s
[    6.238768] raid6: avx2x1   gen() 20798 MB/s
[    6.306738] raid6: avx2x2   gen() 26331 MB/s
[    6.374556] raid6: avx2x4   gen() 14363 MB/s
[    6.377010] raid6: using algorithm avx2x2 gen() 26331 MB/s
[    6.379476] raid6: using avx2x2 recovery algorithm
[    6.383873] xor: automatically using best checksumming function:
[    6.422606]    avx       : 24982.000 MB/sec
[    6.425832] async_tx: api initialized (async)
[    6.437936] md: raid6 personality registered for level 6
[    6.439795] md: raid5 personality registered for level 5
[    6.441933] md: raid4 personality registered for level 4
[    6.449851] md: raid10 personality registered for level 10
done.
Begin: Running /scripts/init-premount ... done.
Begin: Mounting root file system ... Begin: Running /scripts/local-top ... done.
Begin: Running /scripts/local-premount ... [    6.481719] Btrfs loaded
Scanning for Btrfs filesystems
done.
Warning: fsck not present, so skipping root file system
[    6.538103] EXT4-fs (sda1): mounted filesystem with ordered data mode. Opts: (null)
done.
Begin: Running /scripts/local-bottom ... done.
Begin: Running /scripts/init-bottom ... done.
[    6.708142] systemd[1]: systemd 229 running in system mode. (+PAM +AUDIT +SELINUX +IMA +APPARMOR +SMACK +SYSVINIT +UTMP +LIBCRYPTSETUP +GCRYPT +GNUTLS +ACL +XZ -LZ4 +SECCOMP +BLKID +ELFUTILS +KMOD -IDN)
[    6.714677] systemd[1]: Detected virtualization oracle.
[    6.716515] systemd[1]: Detected architecture x86-64.

Welcome to [1mUbuntu 16.04.6 LTS[0m!

[    6.722505] systemd[1]: Set hostname to <MewAP>.
[    6.924864] systemd[1]: Reached target System Time Synchronized.
[[0;32m  OK  [0m] Reached target System Time Synchronized.
[    6.927792] systemd[1]: Listening on Syslog Socket.
[[0;32m  OK  [0m] Listening on Syslog Socket.
[    6.930191] systemd[1]: Listening on Device-mapper event daemon FIFOs.
[[0;32m  OK  [0m] Listening on Device-mapper event daemon FIFOs.
[    6.932969] systemd[1]: Listening on /dev/initctl Compatibility Named Pipe.
[[0;32m  OK  [0m] Listening on /dev/initctl Compatibility Named Pipe.
[    6.936131] systemd[1]: Listening on udev Control Socket.
[[0;32m  OK  [0m] Listening on udev Control Socket.
[    6.938697] systemd[1]: Listening on udev Kernel Socket.
[[0;32m  OK  [0m] Listening on udev Kernel Socket.
[    6.941280] systemd[1]: Listening on Journal Socket.
[[0;32m  OK  [0m] Listening on Journal Socket.
[    6.944234] systemd[1]: Reached target User and Group Name Lookups.
[[0;32m  OK  [0m] Reached target User and Group Name Lookups.
[    6.947105] systemd[1]: Listening on Journal Socket (/dev/log).
[[0;32m  OK  [0m] Listening on Journal Socket (/dev/log).
[    6.949977] systemd[1]: Set up automount Arbitrary Executable File Formats File System Automount Point.
[[0;32m  OK  [0m] Set up automount Arbitrary Executab...ats File System Automount Point.
[    6.971351] systemd[1]: Listening on LVM2 poll daemon socket.
[[0;32m  OK  [0m] Listening on LVM2 poll daemon socket.
[    6.975381] systemd[1]: Reached target Encrypted Volumes.
[[0;32m  OK  [0m] Reached target Encrypted Volumes.
[    7.023193] systemd[1]: Started Trigger resolvconf update for networkd DNS.
[[0;32m  OK  [0m] Started Trigger resolvconf update for networkd DNS.
[    7.027567] systemd[1]: Created slice System Slice.
[[0;32m  OK  [0m] Created slice System Slice.
[    7.043222] systemd[1]: Starting Remount Root and Kernel File Systems...
         Starting Remount Root and Kernel File Systems...
[    7.048829] systemd[1]: Starting Set console keymap...
         Starting Set console keymap...
[    7.053300] systemd[1]: Mounting Debug File System...
         Mounting Debug File System...
[    7.057611] systemd[1]: Mounting Huge Pages File System...
         Mounting Huge Pages File System...
[    7.061034] systemd[1]: Listening on Journal Audit Socket.
[[0;32m  OK  [0m] Listening on Journal Audit Socket.
[    7.067844] EXT4-fs (sda1): re-mounted. Opts: (null)
[    7.069128] systemd[1]: Starting Journal Service...
         Starting Journal Service...
[    7.075748] systemd[1]: Created slice User and Session Slice.
[[0;32m  OK  [0m] Created slice User and Session Slice.
[    7.080294] systemd[1]: Reached target Slices.
[[0;32m  OK  [0m] Reached target Slices.
[    7.090649] systemd[1]: Reached target Swap.
[[0;32m  OK  [0m] Reached target Swap.
[    7.096083] systemd[1]: Starting Uncomplicated firewall...
         Starting Uncomplicated firewall...
[    7.099276] systemd[1]: Created slice system-serial\x2dgetty.slice.
[[0;32m  OK  [0m] Created slice system-serial\x2dgetty.slice.
[    7.105853] systemd[1]: Started Forward Password Requests to Wall Directory Watch.
[[0;32m  OK  [0m] Started Forward Password Requests to Wall Directory Watch.
[    7.113557] systemd[1]: Mounting POSIX Message Queue File System...
         Mounting POSIX Message Queue File System...
[    7.119427] systemd[1]: Starting Load Kernel Modules...
         Starting Load Kernel Modules...
[    7.124095] systemd[1]: Starting Create list of required static device nodes for the current kernel...
         Starting Create list of required st... nodes for the current kernel...
[    7.131528] systemd[1]: Starting Nameserver information manager...
[    7.133918] Loading iSCSI transport class v2.0-870.
         Starting Nameserver information manager...
[    7.137391] systemd[1]: Listening on LVM2 metadata daemon socket.
[[0;32m  OK  [0m] Listening on LVM2 metadata daemon socket.
[    7.142230] systemd[1]: Starting Monitoring of LVM2 mirrors, snapshots etc. using dmeventd or progress polling...
         Starting Monitoring of LVM2 mirrors... dmeventd or progress polling...
[    7.154088] systemd[1]: Mounted Huge Pages File System.
[    7.156037] iscsi: registered transport (tcp)
[[0;32m  OK  [0m] Mounted Huge Pages File System.
[    7.158656] systemd[1]: Mounted POSIX Message Queue File System.
[[0;32m  OK  [0m] Mounted POSIX Message Queue File System.
[    7.163949] systemd[1]: Mounted Debug File System.
[[0;32m  OK  [0m] Mounted Debug File System.
[    7.167028] systemd[1]: Started Journal Service.
[[0;32m  OK  [0m] Started Journal Service.
[[0;32m  OK  [0m] Started Remount Root and Kernel File Systems.
[[0;32m  OK  [0m] Started Set console keymap.
[[0;32m  OK  [0m] Started Uncomplicated firewall.
[[0;32m  OK  [0m] Started Create list of required sta...ce nodes for the current kernel.
[    7.194922] iscsi: registered transport (iser)
[[0;32m  OK  [0m] Started Load Kernel Modules.
[[0;32m  OK  [0m] Started Nameserver information manager.
[[0;32m  OK  [0m] Started LVM2 metadata daemon.
         Mounting FUSE Control File System...
         Starting Apply Kernel Variables...
         Starting Create Static Device Nodes in /dev...
         Starting Load/Save Random Seed...
         Starting udev Coldplug all Devices...
         Starting Flush Journal to Persistent Storage...
[[0;32m  OK  [0m] Mounted FUSE Control File System.
[[0;32m  OK  [0m] Started Apply Kernel Variables.
[[0;32m  OK  [0m] Started Load/Save Random Seed.
[[0;32m  OK  [0m] Started Flush Journal to Persistent Storage.
[[0;32m  OK  [0m] Started Create Static Device Nodes in /dev.
         Starting udev Kernel Device Manager...
[[0;32m  OK  [0m] Started udev Kernel Device Manager.
[[0;32m  OK  [0m] Started udev Coldplug all Devices.
[[0;32m  OK  [0m] Started Dispatch Password Requests to Console Directory Watch.
[[0;32m  OK  [0m] Started Monitoring of LVM2 mirrors,...ng dmeventd or progress polling.
[[0;32m  OK  [0m] Reached target Local File Systems (Pre).
[[0;32m  OK  [0m] Reached target Local File Systems.
         Starting Initial cloud-init job (pre-networking)...
         Starting Tell Plymouth To Write Out Runtime Data...
         Starting LSB: AppArmor initialization...
         Starting Set console font and keymap...
         Starting Create Volatile Files and Directories...
[[0;32m  OK  [0m] Started Tell Plymouth To Write Out Runtime Data.
[[0;32m  OK  [0m] Started Create Volatile Files and Directories.
         Starting Update UTMP about System Boot/Shutdown...
[[0;32m  OK  [0m] Started Update UTMP about System Boot/Shutdown.
[[0;32m  OK  [0m] Started LSB: AppArmor initialization.
[[0;32m  OK  [0m] Found device /dev/ttyS0.
[[0;32m  OK  [0m] Listening on Load/Save RF Kill Switch Status /dev/rfkill Watch.
[[0;32m  OK  [0m] Found device 82540EM Gigabit Ethern...r (PRO/1000 MT Desktop Adapter).
[[0;32m  OK  [0m] Found device 82540EM Gigabit Ethern...r (PRO/1000 MT Desktop Adapter).
[[0;32m  OK  [0m] Started Set console font and keymap.
[[0;32m  OK  [0m] Created slice system-getty.slice.
[    8.519424] cloud-init[489]: Cloud-init v. 19.4-33-gbb4131a2-0ubuntu1~16.04.1 running 'init-local' at Mon, 06 Jul 2020 04:01:38 +0000. Up 8.10 seconds.
[[0;32m  OK  [0m] Started Initial cloud-init job (pre-networking).
[[0;32m  OK  [0m] Reached target Network (Pre).
[[0;32m  OK  [0m] Started ifup for enp0s8.
         Starting Raise network interfaces...
[[0;32m  OK  [0m] Started ifup for enp0s3.
[[0;32m  OK  [0m] Started Raise network interfaces.
[[0;32m  OK  [0m] Reached target Network.
         Starting Initial cloud-init job (metadata service crawler)...
[    9.336738] cloud-init[1076]: Cloud-init v. 19.4-33-gbb4131a2-0ubuntu1~16.04.1 running 'init' at Mon, 06 Jul 2020 04:01:39 +0000. Up 9.03 seconds.
[    9.342498] cloud-init[1076]: ci-info: ++++++++++++++++++++++++++++++++++++++Net device info+++++++++++++++++++++++++++++++++++++++
[    9.347499] cloud-init[1076]: ci-info: +--------+------+-----------------------------+---------------+--------+-------------------+
[    9.356777] cloud-init[1076]: ci-info: | Device |  Up  |           Address           |      Mask     | Scope  |     Hw-Address    |
[    9.368913] cloud-init[1076]: ci-info: +--------+------+-----------------------------+---------------+--------+-------------------+
[    9.373650] cloud-init[1076]: ci-info: | enp0s3 | True |          10.0.2.15          | 255.255.255.0 | global | 02:63:d7:4e:6d:2e |
[    9.379649] cloud-init[1076]: ci-info: | enp0s3 | True |  fe80::63:d7ff:fe4e:6d2e/64 |       .       |  link  | 02:63:d7:4e:6d:2e |
[    9.383638] cloud-init[1076]: ci-info: | enp0s8 | True |        192.168.50.10        | 255.255.255.0 | global | 08:00:27:e5:96:38 |
[    9.388045] cloud-init[1076]: ci-info: | enp0s8 | True | fe80::a00:27ff:fee5:9638/64 |       .       |  link  | 08:00:27:e5:96:38 |
[    9.391928] cloud-init[1076]: ci-info: |   lo   | True |          127.0.0.1          |   255.0.0.0   |  host  |         .         |
[    9.396550] cloud-init[1076]: ci-info: |   lo   | True |           ::1/128           |       .       |  host  |         .         |
[    9.400929] cloud-init[1076]: ci-info: +--------+------+-----------------------------+---------------+--------+-------------------+
[    9.405608] cloud-init[1076]: ci-info: ++++++++++++++++++++++++++++Route IPv4 info++++++++++++++++++++++++++++
[    9.410028] cloud-init[1076]: ci-info: +-------+--------------+----------+---------------+-----------+-------+
[    9.414175] [[0;32m  OK  [0m] Started Initial cloud-init job (metadata service crawler).
[[0;32m  OK  [0m] Reached target System Initialization.
cloud-init[1076]: ci-info: | Route | Destination  | Gateway  |    Genmask    | Interface | Flags |
[[0;32m  OK  [0m] Started Daily Cleanup of Temporary Directories.
         Starting Docker Socket for the API.
[[0;32m  OK  [0m] Started Daily apt download activities.
[[0;32m  OK  [0m] Started Daily apt upgrade and clean activities.
[[0;32m  OK  [0m] Started Message of the Day.
[    9.424867] [[0;32m  OK  [0m] Started ACPI Events Check.
[[0;32m  OK  [0m] Reached target Paths.
cloud-init[1076]: ci-info: +-------+--------------+----------+---------------+-----------+-------+
         Starting Socket activation for snappy daemon.
[[0;32m  OK  [0m] Listening on UUID daemon activation socket.
[[0;32m  OK  [0m] Listening on D-Bus System Message Bus Socket.
[    9.446991] cloud-init[1076]: ci-info: |   0   |   0.0.0.0    | 10.0.2.2 |    0.0.0.0    |   enp0s3  |   UG  |
[    9.460607] cloud-init[1076]: ci-info: |   1   |   10.0.2.0   | 0.0.0.0  | 255.255.255.0 |   enp0s3  |   U   |
[    9.462426] cloud-init[1076]: ci-info: |   2   | 192.168.50.0 | 0.0.0.0  | 255.255.255.0 |   enp0s8  |   U   |
         Starting LXD - unix socket.
[    9.467250] cloud-init[1076]: ci-info: +-------+--------------+----------+---------------+-----------+-------+
[    9.470478] cloud-init[1076]: ci-info: +++++++++++++++++++Route IPv6 info+++++++++++++++++++
[[0;32m  OK  [0m] Listening on ACPID Listen Socket.
[[0;32m  OK  [0m] Reached target Timers.
[[0;32m  OK  [0m] Reached target Network is Online.
[    9.475303] cloud-init[1076]: ci-info: +-------+-------------+---------+-----------+-------+
[    9.483366] cloud-init[1076]: ci-info: | Route | Destination | Gateway | Interface | Flags |
[    9.485309] cloud-init[1076]: ci-info: +-------+-------------+---------+-----------+-------+
[    9.487195] cloud-init[1076]: ci-info: |   0   |  fe80::/64  |    ::   |   enp0s8  |   U   |
[    9.488766] cloud-init[1076]: ci-info: |   1   |  fe80::/64  |    ::   |   enp0s3  |   U   |
[    9.490065] cloud-init[1076]: ci-info: |   4   |   ff00::/8  |    ::   |   enp0s8  |   U   |
[    9.492676] cloud-init[1076]: ci-info: |   5   |   ff00::/8  |    ::   |   enp0s3  |   U   |
[    9.495182] cloud-init[1076]: ci-info: +-------+-------------+---------+-----------+-------+
         Starting iSCSI initiator daemon (iscsid)...
[[0;32m  OK  [0m] Reached target Cloud-config availability.
[[0;32m  OK  [0m] Listening on Docker Socket for the API.
[[0;32m  OK  [0m] Listening on Socket activation for snappy daemon.
[[0;32m  OK  [0m] Listening on LXD - unix socket.
[[0;32m  OK  [0m] Reached target Sockets.
[[0;32m  OK  [0m] Reached target Basic System.
         Starting Login Service...
         Starting Message of the Day...
         Starting LSB: MD monitoring daemon...
         Starting Virtualbox guest utils...
[[0;32m  OK  [0m] Started ACPI event daemon.
         Starting LXD - container startup/shutdown...
         Starting System Logging Service...
         Starting containerd container runtime...
         Starting /etc/rc.local Compatibility...
         Starting Accounts Service...
[[0;32m  OK  [0m] Started Regular background program processing daemon.
         Starting LSB: Record successful boot for GRUB...
[[0;32m  OK  [0m] Started D-Bus System Message Bus.
         Starting Snappy daemon...
[[0;32m  OK  [0m] Started Deferred execution scheduler.
         Starting OpenBSD Secure Shell server...
[[0;32m  OK  [0m] Started FUSE filesystem for LXC.
[[0;32m  OK  [0m] Started System Logging Service.
[[0;32m  OK  [0m] Started containerd container runtime.
[[0;32m  OK  [0m] Started /etc/rc.local Compatibility.
         Starting Docker Application Container Engine...
[[0;32m  OK  [0m] Started iSCSI initiator daemon (iscsid).
[[0;32m  OK  [0m] Started Login Service.
[[0;32m  OK  [0m] Started Unattended Upgrades Shutdown.
         Starting Login to default iSCSI targets...
         Starting Authenticate and Authorize Users to Run Privileged Tasks...
[[0;32m  OK  [0m] Started LSB: MD monitoring daemon.
[[0;32m  OK  [0m] Started LSB: Record successful boot for GRUB.
[[0;32m  OK  [0m] Started Login to default iSCSI targets.
[[0;32m  OK  [0m] Started Authenticate and Authorize Users to Run Privileged Tasks.
[[0;32m  OK  [0m] Reached target Remote File Systems (Pre).
[[0;32m  OK  [0m] Reached target Remote File Systems.
         Starting LSB: daemon to balance interrupts for SMP systems...
         Starting Permit User Sessions...
         Starting LSB: automatic crash report generation...
         Starting LSB: Set the CPU Frequency Scaling governor to "ondemand"...
[[0;32m  OK  [0m] Started Accounts Service.
[[0;32m  OK  [0m] Started Permit User Sessions.
         Starting Terminate Plymouth Boot Screen...
         Starting Hold until boot process finishes up...
[[0;32m  OK  [0m] Started Hold until boot process finishes up.
[[0;32m  OK  [0m] Started Getty on tty1.
[[0;32m  OK  [0m] Started Serial Getty on ttyS0.
[[0;32m  OK  [0m] Reached target Login Prompts.
         Starting Set console scheme...
[[0;32m  OK  [0m] Started Terminate Plymouth Boot Screen.
[[0;32m  OK  [0m] Started Set console scheme.
[[0;32m  OK  [0m] Started LXD - container startup/shutdown.
[[0;32m  OK  [0m] Started OpenBSD Secure Shell server.
[[0;32m  OK  [0m] Started LSB: Set the CPU Frequency Scaling governor to "ondemand".
[[0;32m  OK  [0m] Started LSB: daemon to balance interrupts for SMP systems.
[[0;32m  OK  [0m] Started LSB: automatic crash report generation.
[[0;32m  OK  [0m] Started Virtualbox guest utils.
[[0;32m  OK  [0m] Started Snappy daemon.
         Starting Wait until snapd is fully seeded...
[[0;32m  OK  [0m] Started Wait until snapd is fully seeded.
         Starting Apply the settings specified in cloud-config...
[   11.236899] cloud-init[1398]: Cloud-init v. 19.4-33-gbb4131a2-0ubuntu1~16.04.1 running 'modules:config' at Mon, 06 Jul 2020 04:01:41 +0000. Up 11.06 seconds.
[[0;32m  OK  [0m] Started Apply the settings specified in cloud-config.
[[0;32m  OK  [0m] Started Docker Application Container Engine.
[[0;32m  OK  [0m] Reached target Multi-User System.
         Starting Execute cloud user/final scripts...
[[0;32m  OK  [0m] Reached target Graphical Interface.
         Starting Update UTMP about System Runlevel Changes...
[[0;32m  OK  [0m] Started Update UTMP about System Runlevel Changes.
[[0;32m  OK  [0m] Created slice User Slice of vagrant.
         Starting User Manager for UID 1000...
[[0;32m  OK  [0m] Started Session 1 of user vagrant.
[[0;32m  OK  [0m] Started User Manager for UID 1000.
[   12.623391] cloud-init[1636]: Cloud-init v. 19.4-33-gbb4131a2-0ubuntu1~16.04.1 running 'modules:final' at Mon, 06 Jul 2020 04:01:43 +0000. Up 12.50 seconds.
[   12.629965] cloud-init[1636]: Cloud-init v. 19.4-33-gbb4131a2-0ubuntu1~16.04.1 finished at Mon, 06 Jul 2020 04:01:43 +0000. Datasource DataSourceNoCloud [seed=/dev/sdb][dsmode=net].  Up 12.61 seconds
[[0;32m  OK  [0m] Started Execute cloud user/final scripts.
[[0;32m  OK  [0m] Reached target Cloud-init target.
[[0;32m  OK  [0m] Started Message of the Day.

Ubuntu 16.04.6 LTS MewAP ttyS0

MewAP login: 